<?xml version="1.0" encoding="UTF-8"?>
<!-- Generated by org.testng.reporters.JUnitReportReporter -->
<testsuite hostname="DESKTOP-CQSL9CM" failures="0" tests="7" name="automationProject.Thirdclass" time="72.771" errors="0" timestamp="2025-12-02T15:39:28 IST" skipped="0">
  <testcase classname="automationProject.Thirdclass" name="verifyFactorial" time="8.226"/>
  <testcase classname="automationProject.Thirdclass" name="verifyFactorial" time="7.820"/>
  <testcase classname="automationProject.Thirdclass" name="verifyFactorial" time="8.597"/>
  <testcase classname="automationProject.Thirdclass" name="verifyFactorial" time="9.899"/>
  <testcase classname="automationProject.Thirdclass" name="verifyFactorial" time="13.429"/>
  <testcase classname="automationProject.Thirdclass" name="verifyFactorial" time="7.031"/>
  <testcase classname="automationProject.Thirdclass" name="verifyFactorial" time="17.769"/>
</testsuite> <!-- automationProject.Thirdclass -->
