<?xml version="1.0" encoding="UTF-8"?>
<!-- Generated by org.testng.reporters.JUnitReportReporter -->
<testsuite hostname="DESKTOP-CQSL9CM" failures="0" tests="5" name="automationProject.FirstClass" time="60.480" errors="0" timestamp="2025-12-02T15:39:28 IST" skipped="0">
  <testcase classname="automationProject.FirstClass" name="about" time="12.675"/>
  <testcase classname="automationProject.FirstClass" name="termsacond" time="13.965"/>
  <testcase classname="automationProject.FirstClass" name="privacy" time="18.638"/>
  <testcase classname="automationProject.FirstClass" name="fact" time="8.511"/>
  <testcase classname="automationProject.FirstClass" name="calculate" time="6.691"/>
</testsuite> <!-- automationProject.FirstClass -->
