<?xml version="1.0" encoding="UTF-8"?>
<!-- Generated by org.testng.reporters.JUnitXMLReporter -->
<testsuite ignored="0" hostname="DESKTOP-CQSL9CM" failures="1" tests="16" name="Regression Test" time="72.973" errors="0" timestamp="2025-12-02T15:39:28 IST">
  <testcase classname="automationProject.Secondclass" name="function" time="0.105"/>
  <testcase classname="automationProject.Thirdclass" name="verifyFactorial" time="2.778"/>
  <testcase classname="automationProject.FirstClass" name="about" time="2.177"/>
  <testcase classname="automationProject.Secondclass" name="pgtitle" time="0.033"/>
  <testcase classname="automationProject.Secondclass" name="url" time="0.03">
    <failure type="java.lang.AssertionError" message="expected [https] but found [https://qainterview.pythonanywhere.com/]">
      <![CDATA[java.lang.AssertionError: expected [https] but found [https://qainterview.pythonanywhere.com/]
at automationProject.Secondclass.url(Secondclass.java:48)
at java.base/java.util.concurrent.Executors$RunnableAdapter.call(Executors.java:539)
at java.base/java.util.concurrent.FutureTask.run(FutureTask.java:264)
at java.base/java.util.concurrent.ThreadPoolExecutor.runWorker(ThreadPoolExecutor.java:1136)
at java.base/java.util.concurrent.ThreadPoolExecutor$Worker.run(ThreadPoolExecutor.java:635)
at java.base/java.lang.Thread.run(Thread.java:840)
... Removed 19 stack frames]]>
    </failure>
  </testcase> <!-- url -->
  <testcase classname="automationProject.FirstClass" name="calculate" time="0.276"/>
  <testcase classname="automationProject.Thirdclass" name="verifyFactorial" time="2.461"/>
  <testcase classname="automationProject.fifthclass" name="bug1" time="1.159"/>
  <testcase classname="automationProject.FirstClass" name="fact" time="0.513"/>
  <testcase classname="automationProject.Thirdclass" name="verifyFactorial" time="3.131"/>
  <testcase classname="automationProject.FirstClass" name="privacy" time="0.624"/>
  <testcase classname="automationProject.Thirdclass" name="verifyFactorial" time="2.469"/>
  <testcase classname="automationProject.Thirdclass" name="verifyFactorial" time="2.471"/>
  <testcase classname="automationProject.FirstClass" name="termsacond" time="5.636"/>
  <testcase classname="automationProject.Thirdclass" name="verifyFactorial" time="2.357"/>
  <testcase classname="automationProject.Thirdclass" name="verifyFactorial" time="3.588"/>
</testsuite> <!-- Regression Test -->
