<?xml version="1.0" encoding="UTF-8"?>
<!-- Generated by org.testng.reporters.JUnitXMLReporter -->
<testsuite ignored="0" hostname="DESKTOP-CQSL9CM" failures="0" tests="7" name="Default test" time="47.868" errors="0" timestamp="2025-12-02T15:35:54 IST">
  <testcase classname="automationProject.Thirdclass" name="verifyFactorial" time="2.416"/>
  <testcase classname="automationProject.Thirdclass" name="verifyFactorial" time="3.726"/>
  <testcase classname="automationProject.Thirdclass" name="verifyFactorial" time="2.457"/>
  <testcase classname="automationProject.Thirdclass" name="verifyFactorial" time="2.451"/>
  <testcase classname="automationProject.Thirdclass" name="verifyFactorial" time="2.437"/>
  <testcase classname="automationProject.Thirdclass" name="verifyFactorial" time="2.361"/>
  <testcase classname="automationProject.Thirdclass" name="verifyFactorial" time="2.455"/>
</testsuite> <!-- Default test -->
