<?xml version="1.0" encoding="UTF-8"?>
<!-- Generated by org.testng.reporters.JUnitXMLReporter -->
<testsuite ignored="0" hostname="DESKTOP-CQSL9CM" failures="0" tests="5" name="RegressionTest" time="69.802" errors="0" timestamp="2026-01-08T15:24:48 IST">
  <testcase classname="prabankapplicationnew.Registrationparabank" name="register" time="7.274"/>
  <testcase classname="prabankapplicationnew.Loginpageparabank" name="loginpage" time="4.708"/>
  <testcase classname="prabankapplicationnew.FundTransfterparabank" name="fundTransferTest" time="3.048"/>
  <testcase classname="prabankapplicationnew.LoanApplication" name="loanapplication" time="7.009"/>
  <testcase classname="prabankapplicationnew.UpdateContactinfo" name="updateinfo" time="7.099"/>
</testsuite> <!-- RegressionTest -->
